<?xml version="1.0" encoding="UTF-8"?>
<Site BuildName="(empty)"
	BuildStamp="20230619-0605-Experimental"
	Name="(empty)"
	Generator="ctest-3.10.2"
	CompilerName=""
	CompilerVersion=""
	OSName="Linux"
	Hostname="ubuntu"
	OSRelease="5.4.0-150-generic"
	OSVersion="#167~18.04.1-Ubuntu SMP Wed May 24 00:51:42 UTC 2023"
	OSPlatform="x86_64"
	Is64Bits="1"
	VendorString="AuthenticAMD"
	VendorID="Advanced Micro Devices"
	FamilyID="25"
	ModelID="80"
	ProcessorCacheSize="512"
	NumberOfLogicalCPU="8"
	NumberOfPhysicalCPU="8"
	TotalVirtualMemory="2047"
	TotalPhysicalMemory="7927"
	LogicalProcessorsPerPhysical="1"
	ProcessorClockFrequency="3293.81"
	>
	<Testing>
		<StartDateTime>Jun 18 23:05 PDT</StartDateTime>
		<StartTestTime>1687154732</StartTestTime>
		<TestList/>
		<EndDateTime>Jun 18 23:05 PDT</EndDateTime>
		<EndTestTime>1687154732</EndTestTime>
		<ElapsedMinutes>0</ElapsedMinutes>
	</Testing>
</Site>
